Analysis & Synthesis report for LabArquiII
Thu Apr 26 14:28:14 2018
Quartus II 64-Bit Version 13.0.1 Build 232 06/12/2013 Service Pack 1 SJ Web Edition


---------------------
; Table of Contents ;
---------------------
  1. Legal Notice
  2. Analysis & Synthesis Summary
  3. Analysis & Synthesis Settings
  4. Parallel Compilation
  5. Analysis & Synthesis Source Files Read
  6. Analysis & Synthesis Resource Usage Summary
  7. Analysis & Synthesis Resource Utilization by Entity
  8. General Register Statistics
  9. Parameter Settings for User Entity Instance: Top-level Entity: |monociclo
 10. Parameter Settings for User Entity Instance: myMux:MUX_Branch
 11. Parameter Settings for User Entity Instance: myMux:MUX_PCSrc
 12. Parameter Settings for User Entity Instance: instructionMemory:pmInstructionMem
 13. Parameter Settings for User Entity Instance: myMux:MUX_RD_RT_to_RF_writeregister
 14. Parameter Settings for User Entity Instance: RF:pmRF
 15. Parameter Settings for User Entity Instance: myMux:MUX_rd_instruction_15_0_to_ALUInB
 16. Parameter Settings for User Entity Instance: alu:pmALU
 17. Parameter Settings for User Entity Instance: dataMemory:pmDataMemory
 18. Parameter Settings for User Entity Instance: myMux:MUX_readData_ALUresult_to_writeData
 19. Port Connectivity Checks: "alu:pmALU"
 20. Port Connectivity Checks: "instructionMemory:pmInstructionMem"
 21. Port Connectivity Checks: "myMux:MUX_PCSrc"
 22. Port Connectivity Checks: "myMux:MUX_Branch"
 23. Elapsed Time Per Partition
 24. Analysis & Synthesis Messages



----------------
; Legal Notice ;
----------------
Copyright (C) 1991-2013 Altera Corporation
Your use of Altera Corporation's design tools, logic functions 
and other software and tools, and its AMPP partner logic 
functions, and any output files from any of the foregoing 
(including device programming or simulation files), and any 
associated documentation or information are expressly subject 
to the terms and conditions of the Altera Program License 
Subscription Agreement, Altera MegaCore Function License 
Agreement, or other applicable license agreement, including, 
without limitation, that your use is for the sole purpose of 
programming logic devices manufactured by Altera and sold by 
Altera or its authorized distributors.  Please refer to the 
applicable agreement for further details.



+--------------------------------------------------------------------------------------+
; Analysis & Synthesis Summary                                                         ;
+------------------------------------+-------------------------------------------------+
; Analysis & Synthesis Status        ; Successful - Thu Apr 26 14:28:14 2018           ;
; Quartus II 64-Bit Version          ; 13.0.1 Build 232 06/12/2013 SP 1 SJ Web Edition ;
; Revision Name                      ; LabArquiII                                      ;
; Top-level Entity Name              ; monociclo                                       ;
; Family                             ; Cyclone II                                      ;
; Total logic elements               ; 0                                               ;
;     Total combinational functions  ; 0                                               ;
;     Dedicated logic registers      ; 0                                               ;
; Total registers                    ; 0                                               ;
; Total pins                         ; 1                                               ;
; Total virtual pins                 ; 0                                               ;
; Total memory bits                  ; 0                                               ;
; Embedded Multiplier 9-bit elements ; 0                                               ;
; Total PLLs                         ; 0                                               ;
+------------------------------------+-------------------------------------------------+


+----------------------------------------------------------------------------------------------------------------------+
; Analysis & Synthesis Settings                                                                                        ;
+----------------------------------------------------------------------------+--------------------+--------------------+
; Option                                                                     ; Setting            ; Default Value      ;
+----------------------------------------------------------------------------+--------------------+--------------------+
; Device                                                                     ; EP2C70F672C7       ;                    ;
; Top-level entity name                                                      ; monociclo          ; LabArquiII         ;
; Family name                                                                ; Cyclone II         ; Cyclone IV GX      ;
; VHDL Show LMF Mapping Messages                                             ; Off                ;                    ;
; VHDL Version                                                               ; VHDL_2008          ; VHDL_1993          ;
; Use smart compilation                                                      ; Off                ; Off                ;
; Enable parallel Assembler and TimeQuest Timing Analyzer during compilation ; On                 ; On                 ;
; Enable compact report table                                                ; Off                ; Off                ;
; Restructure Multiplexers                                                   ; Auto               ; Auto               ;
; Create Debugging Nodes for IP Cores                                        ; Off                ; Off                ;
; Preserve fewer node names                                                  ; On                 ; On                 ;
; Disable OpenCore Plus hardware evaluation                                  ; Off                ; Off                ;
; Verilog Version                                                            ; Verilog_2001       ; Verilog_2001       ;
; State Machine Processing                                                   ; Auto               ; Auto               ;
; Safe State Machine                                                         ; Off                ; Off                ;
; Extract Verilog State Machines                                             ; On                 ; On                 ;
; Extract VHDL State Machines                                                ; On                 ; On                 ;
; Ignore Verilog initial constructs                                          ; Off                ; Off                ;
; Iteration limit for constant Verilog loops                                 ; 5000               ; 5000               ;
; Iteration limit for non-constant Verilog loops                             ; 250                ; 250                ;
; Add Pass-Through Logic to Inferred RAMs                                    ; On                 ; On                 ;
; Infer RAMs from Raw Logic                                                  ; On                 ; On                 ;
; Parallel Synthesis                                                         ; On                 ; On                 ;
; DSP Block Balancing                                                        ; Auto               ; Auto               ;
; NOT Gate Push-Back                                                         ; On                 ; On                 ;
; Power-Up Don't Care                                                        ; On                 ; On                 ;
; Remove Redundant Logic Cells                                               ; Off                ; Off                ;
; Remove Duplicate Registers                                                 ; On                 ; On                 ;
; Ignore CARRY Buffers                                                       ; Off                ; Off                ;
; Ignore CASCADE Buffers                                                     ; Off                ; Off                ;
; Ignore GLOBAL Buffers                                                      ; Off                ; Off                ;
; Ignore ROW GLOBAL Buffers                                                  ; Off                ; Off                ;
; Ignore LCELL Buffers                                                       ; Off                ; Off                ;
; Ignore SOFT Buffers                                                        ; On                 ; On                 ;
; Limit AHDL Integers to 32 Bits                                             ; Off                ; Off                ;
; Optimization Technique                                                     ; Balanced           ; Balanced           ;
; Carry Chain Length                                                         ; 70                 ; 70                 ;
; Auto Carry Chains                                                          ; On                 ; On                 ;
; Auto Open-Drain Pins                                                       ; On                 ; On                 ;
; Perform WYSIWYG Primitive Resynthesis                                      ; Off                ; Off                ;
; Auto ROM Replacement                                                       ; On                 ; On                 ;
; Auto RAM Replacement                                                       ; On                 ; On                 ;
; Auto Shift Register Replacement                                            ; Auto               ; Auto               ;
; Allow Shift Register Merging across Hierarchies                            ; Auto               ; Auto               ;
; Auto Clock Enable Replacement                                              ; On                 ; On                 ;
; Strict RAM Replacement                                                     ; Off                ; Off                ;
; Allow Synchronous Control Signals                                          ; On                 ; On                 ;
; Force Use of Synchronous Clear Signals                                     ; Off                ; Off                ;
; Auto RAM to Logic Cell Conversion                                          ; Off                ; Off                ;
; Auto Resource Sharing                                                      ; Off                ; Off                ;
; Allow Any RAM Size For Recognition                                         ; Off                ; Off                ;
; Allow Any ROM Size For Recognition                                         ; Off                ; Off                ;
; Allow Any Shift Register Size For Recognition                              ; Off                ; Off                ;
; Use LogicLock Constraints during Resource Balancing                        ; On                 ; On                 ;
; Ignore translate_off and synthesis_off directives                          ; Off                ; Off                ;
; Timing-Driven Synthesis                                                    ; Off                ; Off                ;
; Report Parameter Settings                                                  ; On                 ; On                 ;
; Report Source Assignments                                                  ; On                 ; On                 ;
; Report Connectivity Checks                                                 ; On                 ; On                 ;
; Ignore Maximum Fan-Out Assignments                                         ; Off                ; Off                ;
; Synchronization Register Chain Length                                      ; 2                  ; 2                  ;
; PowerPlay Power Optimization                                               ; Normal compilation ; Normal compilation ;
; HDL message level                                                          ; Level2             ; Level2             ;
; Suppress Register Optimization Related Messages                            ; Off                ; Off                ;
; Number of Removed Registers Reported in Synthesis Report                   ; 5000               ; 5000               ;
; Number of Swept Nodes Reported in Synthesis Report                         ; 5000               ; 5000               ;
; Number of Inverted Registers Reported in Synthesis Report                  ; 100                ; 100                ;
; Clock MUX Protection                                                       ; On                 ; On                 ;
; Auto Gated Clock Conversion                                                ; Off                ; Off                ;
; Block Design Naming                                                        ; Auto               ; Auto               ;
; SDC constraint protection                                                  ; Off                ; Off                ;
; Synthesis Effort                                                           ; Auto               ; Auto               ;
; Shift Register Replacement - Allow Asynchronous Clear Signal               ; On                 ; On                 ;
; Pre-Mapping Resynthesis Optimization                                       ; Off                ; Off                ;
; Analysis & Synthesis Message Level                                         ; Medium             ; Medium             ;
; Disable Register Merging Across Hierarchies                                ; Auto               ; Auto               ;
; Resource Aware Inference For Block RAM                                     ; On                 ; On                 ;
; Synthesis Seed                                                             ; 1                  ; 1                  ;
+----------------------------------------------------------------------------+--------------------+--------------------+


Parallel compilation was disabled, but you have multiple processors available. Enable parallel compilation to reduce compilation time.
+-------------------------------------+
; Parallel Compilation                ;
+----------------------------+--------+
; Processors                 ; Number ;
+----------------------------+--------+
; Number detected on machine ; 8      ;
; Maximum allowed            ; 1      ;
+----------------------------+--------+


+--------------------------------------------------------------------------------------------------------------------------------------------------------------------------------------------------+
; Analysis & Synthesis Source Files Read                                                                                                                                                           ;
+----------------------------------+-----------------+-----------------+-----------------------------------------------------------------------------------------------------------------+---------+
; File Name with User-Entered Path ; Used in Netlist ; File Type       ; File Name with Absolute Path                                                                                    ; Library ;
+----------------------------------+-----------------+-----------------+-----------------------------------------------------------------------------------------------------------------+---------+
; alu.vhdl                         ; yes             ; User VHDL File  ; C:/Users/Gandalf the White/Dropbox/Javeriana/VI Semestre/Arqui II/Single_Cycle_Mips_VHDL/alu.vhdl               ;         ;
; RF.vhdl                          ; yes             ; User VHDL File  ; C:/Users/Gandalf the White/Dropbox/Javeriana/VI Semestre/Arqui II/Single_Cycle_Mips_VHDL/RF.vhdl                ;         ;
; instructionMemory.vhdl           ; yes             ; User VHDL File  ; C:/Users/Gandalf the White/Dropbox/Javeriana/VI Semestre/Arqui II/Single_Cycle_Mips_VHDL/instructionMemory.vhdl ;         ;
; monociclo.vhdl                   ; yes             ; User VHDL File  ; C:/Users/Gandalf the White/Dropbox/Javeriana/VI Semestre/Arqui II/Single_Cycle_Mips_VHDL/monociclo.vhdl         ;         ;
; muxes.vhd                        ; yes             ; User VHDL File  ; C:/Users/Gandalf the White/Dropbox/Javeriana/VI Semestre/Arqui II/Single_Cycle_Mips_VHDL/muxes.vhd              ;         ;
; myMux.vhd                        ; yes             ; User VHDL File  ; C:/Users/Gandalf the White/Dropbox/Javeriana/VI Semestre/Arqui II/Single_Cycle_Mips_VHDL/myMux.vhd              ;         ;
; sign_extend.vhd                  ; yes             ; User VHDL File  ; C:/Users/Gandalf the White/Dropbox/Javeriana/VI Semestre/Arqui II/Single_Cycle_Mips_VHDL/sign_extend.vhd        ;         ;
; dataMemory.vhd                   ; yes             ; User VHDL File  ; C:/Users/Gandalf the White/Dropbox/Javeriana/VI Semestre/Arqui II/Single_Cycle_Mips_VHDL/dataMemory.vhd         ;         ;
+----------------------------------+-----------------+-----------------+-----------------------------------------------------------------------------------------------------------------+---------+


+-----------------------------------------------------+
; Analysis & Synthesis Resource Usage Summary         ;
+---------------------------------------------+-------+
; Resource                                    ; Usage ;
+---------------------------------------------+-------+
;                                             ;       ;
; Total combinational functions               ; 0     ;
; Logic element usage by number of LUT inputs ;       ;
;     -- 4 input functions                    ; 0     ;
;     -- 3 input functions                    ; 0     ;
;     -- <=2 input functions                  ; 0     ;
;                                             ;       ;
; Logic elements by mode                      ;       ;
;     -- normal mode                          ; 0     ;
;     -- arithmetic mode                      ; 0     ;
;                                             ;       ;
; Total registers                             ; 0     ;
;     -- Dedicated logic registers            ; 0     ;
;     -- I/O registers                        ; 0     ;
;                                             ;       ;
; I/O pins                                    ; 1     ;
; Embedded Multiplier 9-bit elements          ; 0     ;
+---------------------------------------------+-------+


+-----------------------------------------------------------------------------------------------------------------------------------------------------------------------------+
; Analysis & Synthesis Resource Utilization by Entity                                                                                                                         ;
+----------------------------+-------------------+--------------+-------------+--------------+---------+-----------+------+--------------+---------------------+--------------+
; Compilation Hierarchy Node ; LC Combinationals ; LC Registers ; Memory Bits ; DSP Elements ; DSP 9x9 ; DSP 18x18 ; Pins ; Virtual Pins ; Full Hierarchy Name ; Library Name ;
+----------------------------+-------------------+--------------+-------------+--------------+---------+-----------+------+--------------+---------------------+--------------+
; |monociclo                 ; 0 (0)             ; 0 (0)        ; 0           ; 0            ; 0       ; 0         ; 1    ; 0            ; |monociclo          ; work         ;
+----------------------------+-------------------+--------------+-------------+--------------+---------+-----------+------+--------------+---------------------+--------------+
Note: For table entries with two numbers listed, the numbers in parentheses indicate the number of resources of the given type used by the specific entity alone. The numbers listed outside of parentheses indicate the total resources of the given type used by the specific entity and all of its sub-entities in the hierarchy.


+------------------------------------------------------+
; General Register Statistics                          ;
+----------------------------------------------+-------+
; Statistic                                    ; Value ;
+----------------------------------------------+-------+
; Total registers                              ; 0     ;
; Number of registers using Synchronous Clear  ; 0     ;
; Number of registers using Synchronous Load   ; 0     ;
; Number of registers using Asynchronous Clear ; 0     ;
; Number of registers using Asynchronous Load  ; 0     ;
; Number of registers using Clock Enable       ; 0     ;
; Number of registers using Preset             ; 0     ;
+----------------------------------------------+-------+


+---------------------------------------------------------------------------+
; Parameter Settings for User Entity Instance: Top-level Entity: |monociclo ;
+----------------+-------+--------------------------------------------------+
; Parameter Name ; Value ; Type                                             ;
+----------------+-------+--------------------------------------------------+
; dataWidth      ; 32    ; Signed Integer                                   ;
; ADDR_WIDTH     ; 8     ; Signed Integer                                   ;
; registerWidth  ; 5     ; Signed Integer                                   ;
+----------------+-------+--------------------------------------------------+
Note: In order to hide this table in the UI and the text report file, please set the "Show Parameter Settings in Synthesis Report" option in "Analysis and Synthesis Settings -> More Settings" to "Off".


+---------------------------------------------------------------+
; Parameter Settings for User Entity Instance: myMux:MUX_Branch ;
+----------------+-------+--------------------------------------+
; Parameter Name ; Value ; Type                                 ;
+----------------+-------+--------------------------------------+
; w              ; 32    ; Signed Integer                       ;
; n              ; 2     ; Signed Integer                       ;
+----------------+-------+--------------------------------------+
Note: In order to hide this table in the UI and the text report file, please set the "Show Parameter Settings in Synthesis Report" option in "Analysis and Synthesis Settings -> More Settings" to "Off".


+--------------------------------------------------------------+
; Parameter Settings for User Entity Instance: myMux:MUX_PCSrc ;
+----------------+-------+-------------------------------------+
; Parameter Name ; Value ; Type                                ;
+----------------+-------+-------------------------------------+
; w              ; 32    ; Signed Integer                      ;
; n              ; 2     ; Signed Integer                      ;
+----------------+-------+-------------------------------------+
Note: In order to hide this table in the UI and the text report file, please set the "Show Parameter Settings in Synthesis Report" option in "Analysis and Synthesis Settings -> More Settings" to "Off".


+---------------------------------------------------------------------------------+
; Parameter Settings for User Entity Instance: instructionMemory:pmInstructionMem ;
+----------------+-------+--------------------------------------------------------+
; Parameter Name ; Value ; Type                                                   ;
+----------------+-------+--------------------------------------------------------+
; data_width     ; 32    ; Signed Integer                                         ;
; addr_width     ; 8     ; Signed Integer                                         ;
+----------------+-------+--------------------------------------------------------+
Note: In order to hide this table in the UI and the text report file, please set the "Show Parameter Settings in Synthesis Report" option in "Analysis and Synthesis Settings -> More Settings" to "Off".


+----------------------------------------------------------------------------------+
; Parameter Settings for User Entity Instance: myMux:MUX_RD_RT_to_RF_writeregister ;
+----------------+-------+---------------------------------------------------------+
; Parameter Name ; Value ; Type                                                    ;
+----------------+-------+---------------------------------------------------------+
; w              ; 5     ; Signed Integer                                          ;
; n              ; 2     ; Signed Integer                                          ;
+----------------+-------+---------------------------------------------------------+
Note: In order to hide this table in the UI and the text report file, please set the "Show Parameter Settings in Synthesis Report" option in "Analysis and Synthesis Settings -> More Settings" to "Off".


+------------------------------------------------------+
; Parameter Settings for User Entity Instance: RF:pmRF ;
+----------------+-------+-----------------------------+
; Parameter Name ; Value ; Type                        ;
+----------------+-------+-----------------------------+
; datawidth      ; 31    ; Signed Integer              ;
; addrwidth      ; 4     ; Signed Integer              ;
+----------------+-------+-----------------------------+
Note: In order to hide this table in the UI and the text report file, please set the "Show Parameter Settings in Synthesis Report" option in "Analysis and Synthesis Settings -> More Settings" to "Off".


+--------------------------------------------------------------------------------------+
; Parameter Settings for User Entity Instance: myMux:MUX_rd_instruction_15_0_to_ALUInB ;
+----------------+-------+-------------------------------------------------------------+
; Parameter Name ; Value ; Type                                                        ;
+----------------+-------+-------------------------------------------------------------+
; w              ; 32    ; Signed Integer                                              ;
; n              ; 2     ; Signed Integer                                              ;
+----------------+-------+-------------------------------------------------------------+
Note: In order to hide this table in the UI and the text report file, please set the "Show Parameter Settings in Synthesis Report" option in "Analysis and Synthesis Settings -> More Settings" to "Off".


+--------------------------------------------------------+
; Parameter Settings for User Entity Instance: alu:pmALU ;
+----------------+-------+-------------------------------+
; Parameter Name ; Value ; Type                          ;
+----------------+-------+-------------------------------+
; datawidth      ; 31    ; Signed Integer                ;
+----------------+-------+-------------------------------+
Note: In order to hide this table in the UI and the text report file, please set the "Show Parameter Settings in Synthesis Report" option in "Analysis and Synthesis Settings -> More Settings" to "Off".


+----------------------------------------------------------------------+
; Parameter Settings for User Entity Instance: dataMemory:pmDataMemory ;
+----------------+-------+---------------------------------------------+
; Parameter Name ; Value ; Type                                        ;
+----------------+-------+---------------------------------------------+
; data_width     ; 32    ; Signed Integer                              ;
; addr_width     ; 5     ; Signed Integer                              ;
+----------------+-------+---------------------------------------------+
Note: In order to hide this table in the UI and the text report file, please set the "Show Parameter Settings in Synthesis Report" option in "Analysis and Synthesis Settings -> More Settings" to "Off".


+----------------------------------------------------------------------------------------+
; Parameter Settings for User Entity Instance: myMux:MUX_readData_ALUresult_to_writeData ;
+----------------+-------+---------------------------------------------------------------+
; Parameter Name ; Value ; Type                                                          ;
+----------------+-------+---------------------------------------------------------------+
; w              ; 32    ; Signed Integer                                                ;
; n              ; 2     ; Signed Integer                                                ;
+----------------+-------+---------------------------------------------------------------+
Note: In order to hide this table in the UI and the text report file, please set the "Show Parameter Settings in Synthesis Report" option in "Analysis and Synthesis Settings -> More Settings" to "Off".


+----------------------------------------------------------------------------------------------------------------+
; Port Connectivity Checks: "alu:pmALU"                                                                          ;
+------+--------+----------+-------------------------------------------------------------------------------------+
; Port ; Type   ; Severity ; Details                                                                             ;
+------+--------+----------+-------------------------------------------------------------------------------------+
; flag ; Output ; Info     ; Connected to dangling logic. Logic that only feeds a dangling port will be removed. ;
+------+--------+----------+-------------------------------------------------------------------------------------+


+---------------------------------------------------------------------------------------------------------------------+
; Port Connectivity Checks: "instructionMemory:pmInstructionMem"                                                      ;
+-----------+--------+----------+-------------------------------------------------------------------------------------+
; Port      ; Type   ; Severity ; Details                                                                             ;
+-----------+--------+----------+-------------------------------------------------------------------------------------+
; q[31..26] ; Output ; Info     ; Connected to dangling logic. Logic that only feeds a dangling port will be removed. ;
+-----------+--------+----------+-------------------------------------------------------------------------------------+


+----------------------------------------------------------------------------------------------------------------------------+
; Port Connectivity Checks: "myMux:MUX_PCSrc"                                                                                ;
+------------------+--------+----------+-------------------------------------------------------------------------------------+
; Port             ; Type   ; Severity ; Details                                                                             ;
+------------------+--------+----------+-------------------------------------------------------------------------------------+
; values[1][31..8] ; Input  ; Info     ; Stuck at GND                                                                        ;
; dataout[31..8]   ; Output ; Info     ; Connected to dangling logic. Logic that only feeds a dangling port will be removed. ;
+------------------+--------+----------+-------------------------------------------------------------------------------------+


+----------------------------------------------------+
; Port Connectivity Checks: "myMux:MUX_Branch"       ;
+------------------+-------+----------+--------------+
; Port             ; Type  ; Severity ; Details      ;
+------------------+-------+----------+--------------+
; selector         ; Input ; Info     ; Stuck at GND ;
; values[0][31..8] ; Input ; Info     ; Stuck at GND ;
; values[1][31..8] ; Input ; Info     ; Stuck at GND ;
+------------------+-------+----------+--------------+


+-------------------------------+
; Elapsed Time Per Partition    ;
+----------------+--------------+
; Partition Name ; Elapsed Time ;
+----------------+--------------+
; Top            ; 00:00:00     ;
+----------------+--------------+


+-------------------------------+
; Analysis & Synthesis Messages ;
+-------------------------------+
Info: *******************************************************************
Info: Running Quartus II 64-Bit Analysis & Synthesis
    Info: Version 13.0.1 Build 232 06/12/2013 Service Pack 1 SJ Web Edition
    Info: Processing started: Thu Apr 26 14:28:12 2018
Info: Command: quartus_map --read_settings_files=on --write_settings_files=off LabArquiII -c LabArquiII
Warning (20028): Parallel compilation is not licensed and has been disabled
Info (12021): Found 2 design units, including 1 entities, in source file alu.vhdl
    Info (12022): Found design unit 1: alu-ALUARCHITECTURE
    Info (12023): Found entity 1: alu
Info (12021): Found 2 design units, including 1 entities, in source file rf.vhdl
    Info (12022): Found design unit 1: RF-RFARCHITECTURE
    Info (12023): Found entity 1: RF
Info (12021): Found 2 design units, including 1 entities, in source file instructionmemory.vhdl
    Info (12022): Found design unit 1: instructionMemory-rtl
    Info (12023): Found entity 1: instructionMemory
Info (12021): Found 2 design units, including 1 entities, in source file monociclo.vhdl
    Info (12022): Found design unit 1: monociclo-arquiMonociclo
    Info (12023): Found entity 1: monociclo
Info (12021): Found 1 design units, including 0 entities, in source file muxes.vhd
    Info (12022): Found design unit 1: muxes
Info (12021): Found 2 design units, including 1 entities, in source file mymux.vhd
    Info (12022): Found design unit 1: myMux-behavior
    Info (12023): Found entity 1: myMux
Info (12021): Found 2 design units, including 1 entities, in source file sign_extend.vhd
    Info (12022): Found design unit 1: sign_extend-behavior
    Info (12023): Found entity 1: sign_extend
Info (12021): Found 2 design units, including 1 entities, in source file datamemory.vhd
    Info (12022): Found design unit 1: dataMemory-rtl
    Info (12023): Found entity 1: dataMemory
Info (12021): Found 0 design units, including 0 entities, in source file alucontrol.vhd
Info (12021): Found 0 design units, including 0 entities, in source file controlunity.vhd
Info (12127): Elaborating entity "monociclo" for the top level hierarchy
Warning (10541): VHDL Signal Declaration warning at monociclo.vhdl(37): used implicit default value for signal "ALUControlOutput" because signal was never assigned a value or an explicit default value. Use of implicit default value may introduce unintended design optimizations.
Warning (10541): VHDL Signal Declaration warning at monociclo.vhdl(45): used implicit default value for signal "regDST" because signal was never assigned a value or an explicit default value. Use of implicit default value may introduce unintended design optimizations.
Warning (10541): VHDL Signal Declaration warning at monociclo.vhdl(46): used implicit default value for signal "Jump" because signal was never assigned a value or an explicit default value. Use of implicit default value may introduce unintended design optimizations.
Warning (10541): VHDL Signal Declaration warning at monociclo.vhdl(47): used implicit default value for signal "Branch" because signal was never assigned a value or an explicit default value. Use of implicit default value may introduce unintended design optimizations.
Warning (10541): VHDL Signal Declaration warning at monociclo.vhdl(48): used implicit default value for signal "MemRead" because signal was never assigned a value or an explicit default value. Use of implicit default value may introduce unintended design optimizations.
Warning (10541): VHDL Signal Declaration warning at monociclo.vhdl(49): used implicit default value for signal "MemtoReg" because signal was never assigned a value or an explicit default value. Use of implicit default value may introduce unintended design optimizations.
Warning (10541): VHDL Signal Declaration warning at monociclo.vhdl(51): used implicit default value for signal "MemWrite" because signal was never assigned a value or an explicit default value. Use of implicit default value may introduce unintended design optimizations.
Warning (10541): VHDL Signal Declaration warning at monociclo.vhdl(52): used implicit default value for signal "ALUSrc" because signal was never assigned a value or an explicit default value. Use of implicit default value may introduce unintended design optimizations.
Warning (10541): VHDL Signal Declaration warning at monociclo.vhdl(53): used implicit default value for signal "RegWrite" because signal was never assigned a value or an explicit default value. Use of implicit default value may introduce unintended design optimizations.
Info (12128): Elaborating entity "myMux" for hierarchy "myMux:MUX_Branch"
Info (12128): Elaborating entity "instructionMemory" for hierarchy "instructionMemory:pmInstructionMem"
Info (12128): Elaborating entity "myMux" for hierarchy "myMux:MUX_RD_RT_to_RF_writeregister"
Info (12128): Elaborating entity "RF" for hierarchy "RF:pmRF"
Warning (10492): VHDL Process Statement warning at RF.vhdl(39): signal "r1" is read inside the Process Statement but isn't in the Process Statement's sensitivity list
Warning (10492): VHDL Process Statement warning at RF.vhdl(40): signal "r2" is read inside the Process Statement but isn't in the Process Statement's sensitivity list
Warning (10492): VHDL Process Statement warning at RF.vhdl(41): signal "r3" is read inside the Process Statement but isn't in the Process Statement's sensitivity list
Warning (10492): VHDL Process Statement warning at RF.vhdl(42): signal "r4" is read inside the Process Statement but isn't in the Process Statement's sensitivity list
Warning (10492): VHDL Process Statement warning at RF.vhdl(43): signal "r5" is read inside the Process Statement but isn't in the Process Statement's sensitivity list
Warning (10492): VHDL Process Statement warning at RF.vhdl(44): signal "r6" is read inside the Process Statement but isn't in the Process Statement's sensitivity list
Warning (10492): VHDL Process Statement warning at RF.vhdl(45): signal "r7" is read inside the Process Statement but isn't in the Process Statement's sensitivity list
Warning (10492): VHDL Process Statement warning at RF.vhdl(46): signal "r8" is read inside the Process Statement but isn't in the Process Statement's sensitivity list
Warning (10492): VHDL Process Statement warning at RF.vhdl(47): signal "r9" is read inside the Process Statement but isn't in the Process Statement's sensitivity list
Warning (10492): VHDL Process Statement warning at RF.vhdl(48): signal "r10" is read inside the Process Statement but isn't in the Process Statement's sensitivity list
Warning (10492): VHDL Process Statement warning at RF.vhdl(52): signal "r1" is read inside the Process Statement but isn't in the Process Statement's sensitivity list
Warning (10492): VHDL Process Statement warning at RF.vhdl(53): signal "r2" is read inside the Process Statement but isn't in the Process Statement's sensitivity list
Warning (10492): VHDL Process Statement warning at RF.vhdl(54): signal "r3" is read inside the Process Statement but isn't in the Process Statement's sensitivity list
Warning (10492): VHDL Process Statement warning at RF.vhdl(55): signal "r4" is read inside the Process Statement but isn't in the Process Statement's sensitivity list
Warning (10492): VHDL Process Statement warning at RF.vhdl(56): signal "r5" is read inside the Process Statement but isn't in the Process Statement's sensitivity list
Warning (10492): VHDL Process Statement warning at RF.vhdl(57): signal "r6" is read inside the Process Statement but isn't in the Process Statement's sensitivity list
Warning (10492): VHDL Process Statement warning at RF.vhdl(58): signal "r7" is read inside the Process Statement but isn't in the Process Statement's sensitivity list
Warning (10492): VHDL Process Statement warning at RF.vhdl(59): signal "r8" is read inside the Process Statement but isn't in the Process Statement's sensitivity list
Warning (10492): VHDL Process Statement warning at RF.vhdl(60): signal "r9" is read inside the Process Statement but isn't in the Process Statement's sensitivity list
Warning (10492): VHDL Process Statement warning at RF.vhdl(61): signal "r10" is read inside the Process Statement but isn't in the Process Statement's sensitivity list
Warning (10631): VHDL Process Statement warning at RF.vhdl(36): inferring latch(es) for signal or variable "readData1", which holds its previous value in one or more paths through the process
Warning (10631): VHDL Process Statement warning at RF.vhdl(36): inferring latch(es) for signal or variable "readData2", which holds its previous value in one or more paths through the process
Info (10041): Inferred latch for "readData2[0]" at RF.vhdl(36)
Info (10041): Inferred latch for "readData2[1]" at RF.vhdl(36)
Info (10041): Inferred latch for "readData2[2]" at RF.vhdl(36)
Info (10041): Inferred latch for "readData2[3]" at RF.vhdl(36)
Info (10041): Inferred latch for "readData2[4]" at RF.vhdl(36)
Info (10041): Inferred latch for "readData2[5]" at RF.vhdl(36)
Info (10041): Inferred latch for "readData2[6]" at RF.vhdl(36)
Info (10041): Inferred latch for "readData2[7]" at RF.vhdl(36)
Info (10041): Inferred latch for "readData2[8]" at RF.vhdl(36)
Info (10041): Inferred latch for "readData2[9]" at RF.vhdl(36)
Info (10041): Inferred latch for "readData2[10]" at RF.vhdl(36)
Info (10041): Inferred latch for "readData2[11]" at RF.vhdl(36)
Info (10041): Inferred latch for "readData2[12]" at RF.vhdl(36)
Info (10041): Inferred latch for "readData2[13]" at RF.vhdl(36)
Info (10041): Inferred latch for "readData2[14]" at RF.vhdl(36)
Info (10041): Inferred latch for "readData2[15]" at RF.vhdl(36)
Info (10041): Inferred latch for "readData2[16]" at RF.vhdl(36)
Info (10041): Inferred latch for "readData2[17]" at RF.vhdl(36)
Info (10041): Inferred latch for "readData2[18]" at RF.vhdl(36)
Info (10041): Inferred latch for "readData2[19]" at RF.vhdl(36)
Info (10041): Inferred latch for "readData2[20]" at RF.vhdl(36)
Info (10041): Inferred latch for "readData2[21]" at RF.vhdl(36)
Info (10041): Inferred latch for "readData2[22]" at RF.vhdl(36)
Info (10041): Inferred latch for "readData2[23]" at RF.vhdl(36)
Info (10041): Inferred latch for "readData2[24]" at RF.vhdl(36)
Info (10041): Inferred latch for "readData2[25]" at RF.vhdl(36)
Info (10041): Inferred latch for "readData2[26]" at RF.vhdl(36)
Info (10041): Inferred latch for "readData2[27]" at RF.vhdl(36)
Info (10041): Inferred latch for "readData2[28]" at RF.vhdl(36)
Info (10041): Inferred latch for "readData2[29]" at RF.vhdl(36)
Info (10041): Inferred latch for "readData2[30]" at RF.vhdl(36)
Info (10041): Inferred latch for "readData2[31]" at RF.vhdl(36)
Info (10041): Inferred latch for "readData1[0]" at RF.vhdl(36)
Info (10041): Inferred latch for "readData1[1]" at RF.vhdl(36)
Info (10041): Inferred latch for "readData1[2]" at RF.vhdl(36)
Info (10041): Inferred latch for "readData1[3]" at RF.vhdl(36)
Info (10041): Inferred latch for "readData1[4]" at RF.vhdl(36)
Info (10041): Inferred latch for "readData1[5]" at RF.vhdl(36)
Info (10041): Inferred latch for "readData1[6]" at RF.vhdl(36)
Info (10041): Inferred latch for "readData1[7]" at RF.vhdl(36)
Info (10041): Inferred latch for "readData1[8]" at RF.vhdl(36)
Info (10041): Inferred latch for "readData1[9]" at RF.vhdl(36)
Info (10041): Inferred latch for "readData1[10]" at RF.vhdl(36)
Info (10041): Inferred latch for "readData1[11]" at RF.vhdl(36)
Info (10041): Inferred latch for "readData1[12]" at RF.vhdl(36)
Info (10041): Inferred latch for "readData1[13]" at RF.vhdl(36)
Info (10041): Inferred latch for "readData1[14]" at RF.vhdl(36)
Info (10041): Inferred latch for "readData1[15]" at RF.vhdl(36)
Info (10041): Inferred latch for "readData1[16]" at RF.vhdl(36)
Info (10041): Inferred latch for "readData1[17]" at RF.vhdl(36)
Info (10041): Inferred latch for "readData1[18]" at RF.vhdl(36)
Info (10041): Inferred latch for "readData1[19]" at RF.vhdl(36)
Info (10041): Inferred latch for "readData1[20]" at RF.vhdl(36)
Info (10041): Inferred latch for "readData1[21]" at RF.vhdl(36)
Info (10041): Inferred latch for "readData1[22]" at RF.vhdl(36)
Info (10041): Inferred latch for "readData1[23]" at RF.vhdl(36)
Info (10041): Inferred latch for "readData1[24]" at RF.vhdl(36)
Info (10041): Inferred latch for "readData1[25]" at RF.vhdl(36)
Info (10041): Inferred latch for "readData1[26]" at RF.vhdl(36)
Info (10041): Inferred latch for "readData1[27]" at RF.vhdl(36)
Info (10041): Inferred latch for "readData1[28]" at RF.vhdl(36)
Info (10041): Inferred latch for "readData1[29]" at RF.vhdl(36)
Info (10041): Inferred latch for "readData1[30]" at RF.vhdl(36)
Info (10041): Inferred latch for "readData1[31]" at RF.vhdl(36)
Info (12128): Elaborating entity "sign_extend" for hierarchy "sign_extend:pmSignExtendI"
Info (12128): Elaborating entity "alu" for hierarchy "alu:pmALU"
Warning (10541): VHDL Signal Declaration warning at alu.vhdl(13): used implicit default value for signal "flag" because signal was never assigned a value or an explicit default value. Use of implicit default value may introduce unintended design optimizations.
Warning (10631): VHDL Process Statement warning at alu.vhdl(21): inferring latch(es) for signal or variable "output", which holds its previous value in one or more paths through the process
Info (10041): Inferred latch for "output[0]" at alu.vhdl(21)
Info (10041): Inferred latch for "output[1]" at alu.vhdl(21)
Info (10041): Inferred latch for "output[2]" at alu.vhdl(21)
Info (10041): Inferred latch for "output[3]" at alu.vhdl(21)
Info (10041): Inferred latch for "output[4]" at alu.vhdl(21)
Info (10041): Inferred latch for "output[5]" at alu.vhdl(21)
Info (10041): Inferred latch for "output[6]" at alu.vhdl(21)
Info (10041): Inferred latch for "output[7]" at alu.vhdl(21)
Info (10041): Inferred latch for "output[8]" at alu.vhdl(21)
Info (10041): Inferred latch for "output[9]" at alu.vhdl(21)
Info (10041): Inferred latch for "output[10]" at alu.vhdl(21)
Info (10041): Inferred latch for "output[11]" at alu.vhdl(21)
Info (10041): Inferred latch for "output[12]" at alu.vhdl(21)
Info (10041): Inferred latch for "output[13]" at alu.vhdl(21)
Info (10041): Inferred latch for "output[14]" at alu.vhdl(21)
Info (10041): Inferred latch for "output[15]" at alu.vhdl(21)
Info (10041): Inferred latch for "output[16]" at alu.vhdl(21)
Info (10041): Inferred latch for "output[17]" at alu.vhdl(21)
Info (10041): Inferred latch for "output[18]" at alu.vhdl(21)
Info (10041): Inferred latch for "output[19]" at alu.vhdl(21)
Info (10041): Inferred latch for "output[20]" at alu.vhdl(21)
Info (10041): Inferred latch for "output[21]" at alu.vhdl(21)
Info (10041): Inferred latch for "output[22]" at alu.vhdl(21)
Info (10041): Inferred latch for "output[23]" at alu.vhdl(21)
Info (10041): Inferred latch for "output[24]" at alu.vhdl(21)
Info (10041): Inferred latch for "output[25]" at alu.vhdl(21)
Info (10041): Inferred latch for "output[26]" at alu.vhdl(21)
Info (10041): Inferred latch for "output[27]" at alu.vhdl(21)
Info (10041): Inferred latch for "output[28]" at alu.vhdl(21)
Info (10041): Inferred latch for "output[29]" at alu.vhdl(21)
Info (10041): Inferred latch for "output[30]" at alu.vhdl(21)
Info (10041): Inferred latch for "output[31]" at alu.vhdl(21)
Info (12128): Elaborating entity "dataMemory" for hierarchy "dataMemory:pmDataMemory"
Info (16010): Generating hard_block partition "hard_block:auto_generated_inst"
    Info (16011): Adding 0 node(s), including 0 DDIO, 0 PLL, 0 transceiver and 0 LCELL
Warning (21074): Design contains 1 input pin(s) that do not drive logic
    Warning (15610): No output dependent on input pin "clk"
Info (21057): Implemented 1 device resources after synthesis - the final resource count might be different
    Info (21058): Implemented 1 input pins
    Info (21059): Implemented 0 output pins
Info: Quartus II 64-Bit Analysis & Synthesis was successful. 0 errors, 36 warnings
    Info: Peak virtual memory: 568 megabytes
    Info: Processing ended: Thu Apr 26 14:28:14 2018
    Info: Elapsed time: 00:00:02
    Info: Total CPU time (on all processors): 00:00:02


